<?xml version="1.0" encoding="UTF-8"?>
<!-- Generated by org.testng.reporters.JUnitReportReporter -->
<testsuite hostname="Home" name="com.server.reports.jasper.page.JRSLoginTestCase" tests="1" failures="0" timestamp="25 Aug 2016 23:58:31 GMT" time="26.766" errors="0">
  <testcase name="LoginTestCase" time="26.766" classname="com.server.reports.jasper.page.JRSLoginTestCase"/>
</testsuite> <!-- com.server.reports.jasper.page.JRSLoginTestCase -->
