<?xml version="1.0" encoding="UTF-8"?>
<!-- Generated by org.testng.reporters.JUnitReportReporter -->
<testsuite hostname="Home" name="com.server.reports.jasper.page.JRSLoginTest" tests="1" failures="0" timestamp="25 Aug 2016 21:52:23 GMT" time="1.862" errors="0">
  <testcase name="LoginTestCase" time="1.862" classname="com.server.reports.jasper.page.JRSLoginTest"/>
</testsuite> <!-- com.server.reports.jasper.page.JRSLoginTest -->
