<?xml version="1.0" encoding="UTF-8"?>
<!-- Generated by org.testng.reporters.JUnitReportReporter -->
<testsuite hostname="Home" name="com.server.reports.jasper.page.JRSTestSuite" tests="2" failures="0" timestamp="30 Aug 2016 10:51:38 GMT" time="37.341" errors="0">
  <testcase name="LoginTestCase" time="15.496" classname="com.server.reports.jasper.page.JRSTestSuite"/>
  <testcase name="SecondTestCase" time="21.845" classname="com.server.reports.jasper.page.JRSTestSuite"/>
</testsuite> <!-- com.server.reports.jasper.page.JRSTestSuite -->
